<?xml version="1.0" encoding="UTF-8"?>
<testng-results skipped="0" failed="0" ignored="0" total="1" passed="1">
  <reporter-output>
  </reporter-output>
  <suite name="Default suite" duration-ms="44081" started-at="2020-12-11T03:32:21 EST" finished-at="2020-12-11T03:33:05 EST">
    <groups>
    </groups>
    <test name="Default test" duration-ms="44081" started-at="2020-12-11T03:32:21 EST" finished-at="2020-12-11T03:33:05 EST">
      <class name="com.ups.testRunner.UpsTrackingTestRunner">
        <test-method status="PASS" signature="chromeDriverMethod()[pri:0, instance:com.ups.testRunner.UpsTrackingTestRunner@3b088d51]" name="chromeDriverMethod" is-config="true" duration-ms="40623" started-at="2020-12-11T03:32:21 EST" finished-at="2020-12-11T03:33:02 EST">
          <reporter-output>
          </reporter-output>
        </test-method> <!-- chromeDriverMethod -->
        <test-method status="PASS" signature="TrackingPage()[pri:0, instance:com.ups.testRunner.UpsTrackingTestRunner@3b088d51]" name="TrackingPage" duration-ms="69" started-at="2020-12-11T03:33:02 EST" finished-at="2020-12-11T03:33:02 EST">
          <reporter-output>
          </reporter-output>
        </test-method> <!-- TrackingPage -->
        <test-method status="PASS" signature="afterMethod()[pri:0, instance:com.ups.testRunner.UpsTrackingTestRunner@3b088d51]" name="afterMethod" is-config="true" duration-ms="3333" started-at="2020-12-11T03:33:02 EST" finished-at="2020-12-11T03:33:05 EST">
          <reporter-output>
          </reporter-output>
        </test-method> <!-- afterMethod -->
      </class> <!-- com.ups.testRunner.UpsTrackingTestRunner -->
    </test> <!-- Default test -->
  </suite> <!-- Default suite -->
</testng-results>
